<?xml version="1.0" encoding="UTF-8"?>
<!-- Generated by org.testng.reporters.JUnitXMLReporter -->
<testsuite hostname="MCBHARATH-PC" ignored="1" name="Default test" tests="1" failures="0" timestamp="11 Oct 2018 07:11:14 GMT" time="11.855" errors="0">
  <testcase name="testLoginPOM" time="3.134" classname="org.test.selenium.LoginTest"/>
  <testcase name="testLogin" time="0.0" classname="org.test.selenium.LoginTest">
    <ignored/>
  </testcase> <!-- testLogin -->
</testsuite> <!-- Default test -->
