<?xml version="1.0" encoding="UTF-8"?>
<testng-results skipped="0" failed="0" ignored="1" total="2" passed="1">
  <reporter-output>
  </reporter-output>
  <suite name="Default suite" duration-ms="11855" started-at="2018-10-11T07:11:02Z" finished-at="2018-10-11T07:11:14Z">
    <groups>
    </groups>
    <test name="Default test" duration-ms="11855" started-at="2018-10-11T07:11:02Z" finished-at="2018-10-11T07:11:14Z">
      <class name="org.test.selenium.LoginTest">
        <test-method status="PASS" signature="setUp()[pri:0, instance:org.test.selenium.LoginTest@39c0f4a]" name="setUp" is-config="true" duration-ms="5983" started-at="2018-10-11T07:11:02Z" finished-at="2018-10-11T07:11:08Z">
          <reporter-output>
          </reporter-output>
        </test-method> <!-- setUp -->
        <test-method status="PASS" signature="testLoginPOM()[pri:0, instance:org.test.selenium.LoginTest@39c0f4a]" name="testLoginPOM" duration-ms="3134" started-at="2018-10-11T07:11:08Z" finished-at="2018-10-11T07:11:12Z">
          <reporter-output>
          </reporter-output>
        </test-method> <!-- testLoginPOM -->
        <test-method status="PASS" signature="tearDown()[pri:0, instance:org.test.selenium.LoginTest@39c0f4a]" name="tearDown" is-config="true" duration-ms="2699" started-at="2018-10-11T07:11:12Z" finished-at="2018-10-11T07:11:14Z">
          <reporter-output>
          </reporter-output>
        </test-method> <!-- tearDown -->
      </class> <!-- org.test.selenium.LoginTest -->
    </test> <!-- Default test -->
  </suite> <!-- Default suite -->
</testng-results>
